<?xml version="1.0" encoding="UTF-8"?>
<coverage generated="1733268220276" clover="3.2.0">
  <project timestamp="1733268220277" name="All files">
    <metrics statements="8" coveredstatements="8" conditionals="0" coveredconditionals="0" methods="4" coveredmethods="4" elements="12" coveredelements="12" complexity="0" loc="8" ncloc="8" packages="1" files="4" classes="4"/>
    <file name="FeaturesSection.jsx" path="/Users/spartan/Desktop/ESP_272/Final_Project/Employee-wellbeing-and-productivity-tracker/react-app-prodwell/src/components/FeaturesSection.jsx">
      <metrics statements="2" coveredstatements="2" conditionals="0" coveredconditionals="0" methods="1" coveredmethods="1"/>
      <line num="4" count="1" type="stmt"/>
      <line num="5" count="2" type="stmt"/>
    </file>
    <file name="Footer.jsx" path="/Users/spartan/Desktop/ESP_272/Final_Project/Employee-wellbeing-and-productivity-tracker/react-app-prodwell/src/components/Footer.jsx">
      <metrics statements="2" coveredstatements="2" conditionals="0" coveredconditionals="0" methods="1" coveredmethods="1"/>
      <line num="4" count="1" type="stmt"/>
      <line num="5" count="2" type="stmt"/>
    </file>
    <file name="HeroSection.jsx" path="/Users/spartan/Desktop/ESP_272/Final_Project/Employee-wellbeing-and-productivity-tracker/react-app-prodwell/src/components/HeroSection.jsx">
      <metrics statements="2" coveredstatements="2" conditionals="0" coveredconditionals="0" methods="1" coveredmethods="1"/>
      <line num="3" count="1" type="stmt"/>
      <line num="4" count="3" type="stmt"/>
    </file>
    <file name="LivePublishingSection.jsx" path="/Users/spartan/Desktop/ESP_272/Final_Project/Employee-wellbeing-and-productivity-tracker/react-app-prodwell/src/components/LivePublishingSection.jsx">
      <metrics statements="2" coveredstatements="2" conditionals="0" coveredconditionals="0" methods="1" coveredmethods="1"/>
      <line num="3" count="1" type="stmt"/>
      <line num="4" count="3" type="stmt"/>
    </file>
  </project>
</coverage>
