<?xml version="1.0" encoding="UTF-8"?>
<coverage generated="1733263412272" clover="3.2.0">
  <project timestamp="1733263412272" name="All files">
    <metrics statements="23" coveredstatements="23" conditionals="0" coveredconditionals="0" methods="12" coveredmethods="12" elements="35" coveredelements="35" complexity="0" loc="23" ncloc="23" packages="1" files="12" classes="12"/>
    <file name="AboutSection.jsx" path="/Users/spartan/Desktop/ESP_272/Final_Project/Employee-wellbeing-and-productivity-tracker/react-app-prodwell/src/components/AboutSection.jsx">
      <metrics statements="2" coveredstatements="2" conditionals="0" coveredconditionals="0" methods="1" coveredmethods="1"/>
      <line num="3" count="1" type="stmt"/>
      <line num="4" count="1" type="stmt"/>
    </file>
    <file name="AdvancedDocumentsSection.jsx" path="/Users/spartan/Desktop/ESP_272/Final_Project/Employee-wellbeing-and-productivity-tracker/react-app-prodwell/src/components/AdvancedDocumentsSection.jsx">
      <metrics statements="2" coveredstatements="2" conditionals="0" coveredconditionals="0" methods="1" coveredmethods="1"/>
      <line num="3" count="1" type="stmt"/>
      <line num="4" count="3" type="stmt"/>
    </file>
    <file name="AnalyticsDashboardSection.jsx" path="/Users/spartan/Desktop/ESP_272/Final_Project/Employee-wellbeing-and-productivity-tracker/react-app-prodwell/src/components/AnalyticsDashboardSection.jsx">
      <metrics statements="2" coveredstatements="2" conditionals="0" coveredconditionals="0" methods="1" coveredmethods="1"/>
      <line num="3" count="1" type="stmt"/>
      <line num="4" count="3" type="stmt"/>
    </file>
    <file name="ContactDetails.jsx" path="/Users/spartan/Desktop/ESP_272/Final_Project/Employee-wellbeing-and-productivity-tracker/react-app-prodwell/src/components/ContactDetails.jsx">
      <metrics statements="2" coveredstatements="2" conditionals="0" coveredconditionals="0" methods="1" coveredmethods="1"/>
      <line num="7" count="1" type="stmt"/>
      <line num="8" count="3" type="stmt"/>
    </file>
    <file name="FAQItem.jsx" path="/Users/spartan/Desktop/ESP_272/Final_Project/Employee-wellbeing-and-productivity-tracker/react-app-prodwell/src/components/FAQItem.jsx">
      <metrics statements="2" coveredstatements="2" conditionals="0" coveredconditionals="0" methods="1" coveredmethods="1"/>
      <line num="3" count="1" type="stmt"/>
      <line num="4" count="2" type="stmt"/>
    </file>
    <file name="FAQSection.jsx" path="/Users/spartan/Desktop/ESP_272/Final_Project/Employee-wellbeing-and-productivity-tracker/react-app-prodwell/src/components/FAQSection.jsx">
      <metrics statements="2" coveredstatements="2" conditionals="0" coveredconditionals="0" methods="1" coveredmethods="1"/>
      <line num="4" count="1" type="stmt"/>
      <line num="5" count="3" type="stmt"/>
    </file>
    <file name="FeatureCard.jsx" path="/Users/spartan/Desktop/ESP_272/Final_Project/Employee-wellbeing-and-productivity-tracker/react-app-prodwell/src/components/FeatureCard.jsx">
      <metrics statements="2" coveredstatements="2" conditionals="0" coveredconditionals="0" methods="1" coveredmethods="1"/>
      <line num="3" count="2" type="stmt"/>
      <line num="4" count="10" type="stmt"/>
    </file>
    <file name="Features.jsx" path="/Users/spartan/Desktop/ESP_272/Final_Project/Employee-wellbeing-and-productivity-tracker/react-app-prodwell/src/components/Features.jsx">
      <metrics statements="1" coveredstatements="1" conditionals="0" coveredconditionals="0" methods="1" coveredmethods="1"/>
      <line num="4" count="4" type="stmt"/>
    </file>
    <file name="FeaturesSection.jsx" path="/Users/spartan/Desktop/ESP_272/Final_Project/Employee-wellbeing-and-productivity-tracker/react-app-prodwell/src/components/FeaturesSection.jsx">
      <metrics statements="2" coveredstatements="2" conditionals="0" coveredconditionals="0" methods="1" coveredmethods="1"/>
      <line num="4" count="1" type="stmt"/>
      <line num="5" count="2" type="stmt"/>
    </file>
    <file name="Footer.jsx" path="/Users/spartan/Desktop/ESP_272/Final_Project/Employee-wellbeing-and-productivity-tracker/react-app-prodwell/src/components/Footer.jsx">
      <metrics statements="2" coveredstatements="2" conditionals="0" coveredconditionals="0" methods="1" coveredmethods="1"/>
      <line num="4" count="1" type="stmt"/>
      <line num="5" count="2" type="stmt"/>
    </file>
    <file name="HeroSection.jsx" path="/Users/spartan/Desktop/ESP_272/Final_Project/Employee-wellbeing-and-productivity-tracker/react-app-prodwell/src/components/HeroSection.jsx">
      <metrics statements="2" coveredstatements="2" conditionals="0" coveredconditionals="0" methods="1" coveredmethods="1"/>
      <line num="3" count="1" type="stmt"/>
      <line num="4" count="3" type="stmt"/>
    </file>
    <file name="LivePublishingSection.jsx" path="/Users/spartan/Desktop/ESP_272/Final_Project/Employee-wellbeing-and-productivity-tracker/react-app-prodwell/src/components/LivePublishingSection.jsx">
      <metrics statements="2" coveredstatements="2" conditionals="0" coveredconditionals="0" methods="1" coveredmethods="1"/>
      <line num="3" count="1" type="stmt"/>
      <line num="4" count="3" type="stmt"/>
    </file>
  </project>
</coverage>
