{"/Users/spartan/Desktop/ESP_272/Final_Project/Employee-wellbeing-and-productivity-tracker/react-app-prodwell/src/components/FeaturesSection.jsx": {"path":"/Users/spartan/Desktop/ESP_272/Final_Project/Employee-wellbeing-and-productivity-tracker/react-app-prodwell/src/components/FeaturesSection.jsx","statementMap":{"0":{"start":{"line":4,"column":24},"end":{"line":21,"column":1}},"1":{"start":{"line":5,"column":2},"end":{"line":20,"column":12}}},"fnMap":{"0":{"name":"(anonymous_0)","decl":{"start":{"line":4,"column":24},"end":{"line":4,"column":25}},"loc":{"start":{"line":5,"column":2},"end":{"line":20,"column":12}},"line":5}},"branchMap":{},"s":{"0":1,"1":2},"f":{"0":2},"b":{},"_coverageSchema":"1a1c01bbd47fc00a2c39e90264f33305004495a9","hash":"b6caf5448744b2b782661187288619a074992587"}
,"/Users/spartan/Desktop/ESP_272/Final_Project/Employee-wellbeing-and-productivity-tracker/react-app-prodwell/src/components/Footer.jsx": {"path":"/Users/spartan/Desktop/ESP_272/Final_Project/Employee-wellbeing-and-productivity-tracker/react-app-prodwell/src/components/Footer.jsx","statementMap":{"0":{"start":{"line":4,"column":15},"end":{"line":36,"column":1}},"1":{"start":{"line":5,"column":2},"end":{"line":35,"column":4}}},"fnMap":{"0":{"name":"(anonymous_0)","decl":{"start":{"line":4,"column":15},"end":{"line":4,"column":16}},"loc":{"start":{"line":4,"column":21},"end":{"line":36,"column":1}},"line":4}},"branchMap":{},"s":{"0":1,"1":2},"f":{"0":2},"b":{},"_coverageSchema":"1a1c01bbd47fc00a2c39e90264f33305004495a9","hash":"7ff5a005f7126c251de4c405d72d474835deaf1b"}
,"/Users/spartan/Desktop/ESP_272/Final_Project/Employee-wellbeing-and-productivity-tracker/react-app-prodwell/src/components/HeroSection.jsx": {"path":"/Users/spartan/Desktop/ESP_272/Final_Project/Employee-wellbeing-and-productivity-tracker/react-app-prodwell/src/components/HeroSection.jsx","statementMap":{"0":{"start":{"line":3,"column":20},"end":{"line":11,"column":1}},"1":{"start":{"line":4,"column":2},"end":{"line":10,"column":12}}},"fnMap":{"0":{"name":"(anonymous_0)","decl":{"start":{"line":3,"column":20},"end":{"line":3,"column":21}},"loc":{"start":{"line":4,"column":2},"end":{"line":10,"column":12}},"line":4}},"branchMap":{},"s":{"0":1,"1":3},"f":{"0":3},"b":{},"_coverageSchema":"1a1c01bbd47fc00a2c39e90264f33305004495a9","hash":"d16efcb99bc9c62a8d0b3e2342309714e4f436f9"}
,"/Users/spartan/Desktop/ESP_272/Final_Project/Employee-wellbeing-and-productivity-tracker/react-app-prodwell/src/components/LivePublishingSection.jsx": {"path":"/Users/spartan/Desktop/ESP_272/Final_Project/Employee-wellbeing-and-productivity-tracker/react-app-prodwell/src/components/LivePublishingSection.jsx","statementMap":{"0":{"start":{"line":3,"column":30},"end":{"line":13,"column":1}},"1":{"start":{"line":4,"column":2},"end":{"line":12,"column":12}}},"fnMap":{"0":{"name":"(anonymous_0)","decl":{"start":{"line":3,"column":30},"end":{"line":3,"column":31}},"loc":{"start":{"line":4,"column":2},"end":{"line":12,"column":12}},"line":4}},"branchMap":{},"s":{"0":1,"1":3},"f":{"0":3},"b":{},"_coverageSchema":"1a1c01bbd47fc00a2c39e90264f33305004495a9","hash":"ec767674378b3be60613d9d9585edd54a399e643"}
}
