{"/Users/spartan/Desktop/ESP_272/Final_Project/Employee-wellbeing-and-productivity-tracker/react-app-prodwell/src/components/AboutSection.jsx": {"path":"/Users/spartan/Desktop/ESP_272/Final_Project/Employee-wellbeing-and-productivity-tracker/react-app-prodwell/src/components/AboutSection.jsx","statementMap":{"0":{"start":{"line":3,"column":21},"end":{"line":7,"column":1}},"1":{"start":{"line":4,"column":2},"end":{"line":6,"column":12}}},"fnMap":{"0":{"name":"(anonymous_0)","decl":{"start":{"line":3,"column":21},"end":{"line":3,"column":22}},"loc":{"start":{"line":4,"column":2},"end":{"line":6,"column":12}},"line":4}},"branchMap":{},"s":{"0":1,"1":1},"f":{"0":1},"b":{},"_coverageSchema":"1a1c01bbd47fc00a2c39e90264f33305004495a9","hash":"ae48723d569cbbaed2caf40577757513b1118546"}
,"/Users/spartan/Desktop/ESP_272/Final_Project/Employee-wellbeing-and-productivity-tracker/react-app-prodwell/src/components/AdvancedDocumentsSection.jsx": {"path":"/Users/spartan/Desktop/ESP_272/Final_Project/Employee-wellbeing-and-productivity-tracker/react-app-prodwell/src/components/AdvancedDocumentsSection.jsx","statementMap":{"0":{"start":{"line":3,"column":33},"end":{"line":13,"column":1}},"1":{"start":{"line":4,"column":2},"end":{"line":12,"column":12}}},"fnMap":{"0":{"name":"(anonymous_0)","decl":{"start":{"line":3,"column":33},"end":{"line":3,"column":34}},"loc":{"start":{"line":4,"column":2},"end":{"line":12,"column":12}},"line":4}},"branchMap":{},"s":{"0":1,"1":3},"f":{"0":3},"b":{},"_coverageSchema":"1a1c01bbd47fc00a2c39e90264f33305004495a9","hash":"b25884cb75716cd4614d8d7ccfa56878e32bbd5e"}
,"/Users/spartan/Desktop/ESP_272/Final_Project/Employee-wellbeing-and-productivity-tracker/react-app-prodwell/src/components/AnalyticsDashboardSection.jsx": {"path":"/Users/spartan/Desktop/ESP_272/Final_Project/Employee-wellbeing-and-productivity-tracker/react-app-prodwell/src/components/AnalyticsDashboardSection.jsx","statementMap":{"0":{"start":{"line":3,"column":34},"end":{"line":13,"column":1}},"1":{"start":{"line":4,"column":2},"end":{"line":12,"column":12}}},"fnMap":{"0":{"name":"(anonymous_0)","decl":{"start":{"line":3,"column":34},"end":{"line":3,"column":35}},"loc":{"start":{"line":4,"column":2},"end":{"line":12,"column":12}},"line":4}},"branchMap":{},"s":{"0":1,"1":3},"f":{"0":3},"b":{},"_coverageSchema":"1a1c01bbd47fc00a2c39e90264f33305004495a9","hash":"6e6613c57acdfec1ec1750b4af6f428b2c3b9b5f"}
,"/Users/spartan/Desktop/ESP_272/Final_Project/Employee-wellbeing-and-productivity-tracker/react-app-prodwell/src/components/ContactDetails.jsx": {"path":"/Users/spartan/Desktop/ESP_272/Final_Project/Employee-wellbeing-and-productivity-tracker/react-app-prodwell/src/components/ContactDetails.jsx","statementMap":{"0":{"start":{"line":7,"column":23},"end":{"line":32,"column":1}},"1":{"start":{"line":8,"column":2},"end":{"line":31,"column":12}}},"fnMap":{"0":{"name":"(anonymous_0)","decl":{"start":{"line":7,"column":23},"end":{"line":7,"column":24}},"loc":{"start":{"line":8,"column":2},"end":{"line":31,"column":12}},"line":8}},"branchMap":{},"s":{"0":1,"1":3},"f":{"0":3},"b":{},"_coverageSchema":"1a1c01bbd47fc00a2c39e90264f33305004495a9","hash":"594a738e59f328badfaa0211274db79cd42f159f"}
,"/Users/spartan/Desktop/ESP_272/Final_Project/Employee-wellbeing-and-productivity-tracker/react-app-prodwell/src/components/FAQItem.jsx": {"path":"/Users/spartan/Desktop/ESP_272/Final_Project/Employee-wellbeing-and-productivity-tracker/react-app-prodwell/src/components/FAQItem.jsx","statementMap":{"0":{"start":{"line":3,"column":16},"end":{"line":8,"column":1}},"1":{"start":{"line":4,"column":2},"end":{"line":7,"column":12}}},"fnMap":{"0":{"name":"(anonymous_0)","decl":{"start":{"line":3,"column":16},"end":{"line":3,"column":17}},"loc":{"start":{"line":4,"column":2},"end":{"line":7,"column":12}},"line":4}},"branchMap":{},"s":{"0":1,"1":2},"f":{"0":2},"b":{},"_coverageSchema":"1a1c01bbd47fc00a2c39e90264f33305004495a9","hash":"621a37c701884702f2ddef7053e8a8988c92f73e"}
,"/Users/spartan/Desktop/ESP_272/Final_Project/Employee-wellbeing-and-productivity-tracker/react-app-prodwell/src/components/FAQSection.jsx": {"path":"/Users/spartan/Desktop/ESP_272/Final_Project/Employee-wellbeing-and-productivity-tracker/react-app-prodwell/src/components/FAQSection.jsx","statementMap":{"0":{"start":{"line":4,"column":19},"end":{"line":13,"column":1}},"1":{"start":{"line":5,"column":2},"end":{"line":12,"column":12}}},"fnMap":{"0":{"name":"(anonymous_0)","decl":{"start":{"line":4,"column":19},"end":{"line":4,"column":20}},"loc":{"start":{"line":5,"column":2},"end":{"line":12,"column":12}},"line":5}},"branchMap":{},"s":{"0":1,"1":3},"f":{"0":3},"b":{},"_coverageSchema":"1a1c01bbd47fc00a2c39e90264f33305004495a9","hash":"4e3447f2264dc9eb8790c64eacd7b8110e281e9b"}
,"/Users/spartan/Desktop/ESP_272/Final_Project/Employee-wellbeing-and-productivity-tracker/react-app-prodwell/src/components/FeatureCard.jsx": {"path":"/Users/spartan/Desktop/ESP_272/Final_Project/Employee-wellbeing-and-productivity-tracker/react-app-prodwell/src/components/FeatureCard.jsx","statementMap":{"0":{"start":{"line":3,"column":20},"end":{"line":9,"column":1}},"1":{"start":{"line":4,"column":2},"end":{"line":8,"column":8}}},"fnMap":{"0":{"name":"(anonymous_0)","decl":{"start":{"line":3,"column":20},"end":{"line":3,"column":21}},"loc":{"start":{"line":4,"column":2},"end":{"line":8,"column":8}},"line":4}},"branchMap":{},"s":{"0":2,"1":10},"f":{"0":10},"b":{},"_coverageSchema":"1a1c01bbd47fc00a2c39e90264f33305004495a9","hash":"62001d25295ef7416496d4f48dec1f86d5148fd6"}
,"/Users/spartan/Desktop/ESP_272/Final_Project/Employee-wellbeing-and-productivity-tracker/react-app-prodwell/src/components/Features.jsx": {"path":"/Users/spartan/Desktop/ESP_272/Final_Project/Employee-wellbeing-and-productivity-tracker/react-app-prodwell/src/components/Features.jsx","statementMap":{"0":{"start":{"line":4,"column":2},"end":{"line":10,"column":4}}},"fnMap":{"0":{"name":"FeatureSection","decl":{"start":{"line":3,"column":9},"end":{"line":3,"column":23}},"loc":{"start":{"line":3,"column":26},"end":{"line":11,"column":1}},"line":3}},"branchMap":{},"s":{"0":4},"f":{"0":4},"b":{},"_coverageSchema":"1a1c01bbd47fc00a2c39e90264f33305004495a9","hash":"b00eec871a6ccf38e9f3bca5997f2c71a43f8b86"}
,"/Users/spartan/Desktop/ESP_272/Final_Project/Employee-wellbeing-and-productivity-tracker/react-app-prodwell/src/components/FeaturesSection.jsx": {"path":"/Users/spartan/Desktop/ESP_272/Final_Project/Employee-wellbeing-and-productivity-tracker/react-app-prodwell/src/components/FeaturesSection.jsx","statementMap":{"0":{"start":{"line":4,"column":24},"end":{"line":21,"column":1}},"1":{"start":{"line":5,"column":2},"end":{"line":20,"column":12}}},"fnMap":{"0":{"name":"(anonymous_0)","decl":{"start":{"line":4,"column":24},"end":{"line":4,"column":25}},"loc":{"start":{"line":5,"column":2},"end":{"line":20,"column":12}},"line":5}},"branchMap":{},"s":{"0":1,"1":2},"f":{"0":2},"b":{},"_coverageSchema":"1a1c01bbd47fc00a2c39e90264f33305004495a9","hash":"b6caf5448744b2b782661187288619a074992587"}
,"/Users/spartan/Desktop/ESP_272/Final_Project/Employee-wellbeing-and-productivity-tracker/react-app-prodwell/src/components/Footer.jsx": {"path":"/Users/spartan/Desktop/ESP_272/Final_Project/Employee-wellbeing-and-productivity-tracker/react-app-prodwell/src/components/Footer.jsx","statementMap":{"0":{"start":{"line":4,"column":15},"end":{"line":36,"column":1}},"1":{"start":{"line":5,"column":2},"end":{"line":35,"column":4}}},"fnMap":{"0":{"name":"(anonymous_0)","decl":{"start":{"line":4,"column":15},"end":{"line":4,"column":16}},"loc":{"start":{"line":4,"column":21},"end":{"line":36,"column":1}},"line":4}},"branchMap":{},"s":{"0":1,"1":2},"f":{"0":2},"b":{},"_coverageSchema":"1a1c01bbd47fc00a2c39e90264f33305004495a9","hash":"7ff5a005f7126c251de4c405d72d474835deaf1b"}
,"/Users/spartan/Desktop/ESP_272/Final_Project/Employee-wellbeing-and-productivity-tracker/react-app-prodwell/src/components/HeroSection.jsx": {"path":"/Users/spartan/Desktop/ESP_272/Final_Project/Employee-wellbeing-and-productivity-tracker/react-app-prodwell/src/components/HeroSection.jsx","statementMap":{"0":{"start":{"line":3,"column":20},"end":{"line":11,"column":1}},"1":{"start":{"line":4,"column":2},"end":{"line":10,"column":12}}},"fnMap":{"0":{"name":"(anonymous_0)","decl":{"start":{"line":3,"column":20},"end":{"line":3,"column":21}},"loc":{"start":{"line":4,"column":2},"end":{"line":10,"column":12}},"line":4}},"branchMap":{},"s":{"0":1,"1":3},"f":{"0":3},"b":{},"_coverageSchema":"1a1c01bbd47fc00a2c39e90264f33305004495a9","hash":"d16efcb99bc9c62a8d0b3e2342309714e4f436f9"}
,"/Users/spartan/Desktop/ESP_272/Final_Project/Employee-wellbeing-and-productivity-tracker/react-app-prodwell/src/components/LivePublishingSection.jsx": {"path":"/Users/spartan/Desktop/ESP_272/Final_Project/Employee-wellbeing-and-productivity-tracker/react-app-prodwell/src/components/LivePublishingSection.jsx","statementMap":{"0":{"start":{"line":3,"column":30},"end":{"line":13,"column":1}},"1":{"start":{"line":4,"column":2},"end":{"line":12,"column":12}}},"fnMap":{"0":{"name":"(anonymous_0)","decl":{"start":{"line":3,"column":30},"end":{"line":3,"column":31}},"loc":{"start":{"line":4,"column":2},"end":{"line":12,"column":12}},"line":4}},"branchMap":{},"s":{"0":1,"1":3},"f":{"0":3},"b":{},"_coverageSchema":"1a1c01bbd47fc00a2c39e90264f33305004495a9","hash":"ec767674378b3be60613d9d9585edd54a399e643"}
}
